This file contains any messages produced by compilers while
running configure, to aid debugging if configure makes a mistake.

It was created by openlava configure 2.2, which was
generated by GNU Autoconf 2.69.  Invocation command line was

  $ ./configure 

## --------- ##
## Platform. ##
## --------- ##

hostname = cluster-master
uname -m = x86_64
uname -r = 3.10.0-514.10.2.el7.x86_64
uname -s = Linux
uname -v = #1 SMP Fri Mar 3 00:04:05 UTC 2017

/usr/bin/uname -p = x86_64
/bin/uname -X     = unknown

/bin/arch              = x86_64
/usr/bin/arch -k       = unknown
/usr/convex/getsysinfo = unknown
/usr/bin/hostinfo      = unknown
/bin/machine           = unknown
/usr/bin/oslevel       = unknown
/bin/universe          = unknown

PATH: /sbin
PATH: /bin
PATH: /usr/sbin
PATH: /usr/bin


## ----------- ##
## Core tests. ##
## ----------- ##

configure:2158: checking build system type
configure:2172: result: x86_64-unknown-linux-gnu
configure:2192: checking host system type
configure:2205: result: x86_64-unknown-linux-gnu
configure:2225: checking target system type
configure:2238: result: x86_64-unknown-linux-gnu
configure:2319: checking for a BSD-compatible install
configure:2387: result: /bin/install -c
configure:2398: checking whether build environment is sane
configure:2453: result: yes
configure:2491: WARNING: 'missing' script is too old or missing
configure:2604: checking for a thread-safe mkdir -p
configure:2643: result: /bin/mkdir -p
configure:2650: checking for gawk
configure:2666: found /bin/gawk
configure:2677: result: gawk
configure:2688: checking whether make sets $(MAKE)
configure:2710: result: yes
configure:2739: checking whether make supports nested variables
configure:2756: result: yes
configure:2899: checking whether make supports nested variables
configure:2916: result: yes
configure:2977: checking for gcc
configure:2993: found /bin/gcc
configure:3004: result: gcc
configure:3233: checking for C compiler version
configure:3242: gcc --version >&5
gcc (GCC) 4.8.5 20150623 (Red Hat 4.8.5-11)
Copyright (C) 2015 Free Software Foundation, Inc.
This is free software; see the source for copying conditions.  There is NO
warranty; not even for MERCHANTABILITY or FITNESS FOR A PARTICULAR PURPOSE.

configure:3253: $? = 0
configure:3242: gcc -v >&5
Using built-in specs.
COLLECT_GCC=gcc
COLLECT_LTO_WRAPPER=/usr/libexec/gcc/x86_64-redhat-linux/4.8.5/lto-wrapper
Target: x86_64-redhat-linux
Configured with: ../configure --prefix=/usr --mandir=/usr/share/man --infodir=/usr/share/info --with-bugurl=http://bugzilla.redhat.com/bugzilla --enable-bootstrap --enable-shared --enable-threads=posix --enable-checking=release --with-system-zlib --enable-__cxa_atexit --disable-libunwind-exceptions --enable-gnu-unique-object --enable-linker-build-id --with-linker-hash-style=gnu --enable-languages=c,c++,objc,obj-c++,java,fortran,ada,go,lto --enable-plugin --enable-initfini-array --disable-libgcj --with-isl=/builddir/build/BUILD/gcc-4.8.5-20150702/obj-x86_64-redhat-linux/isl-install --with-cloog=/builddir/build/BUILD/gcc-4.8.5-20150702/obj-x86_64-redhat-linux/cloog-install --enable-gnu-indirect-function --with-tune=generic --with-arch_32=x86-64 --build=x86_64-redhat-linux
Thread model: posix
gcc version 4.8.5 20150623 (Red Hat 4.8.5-11) (GCC) 
configure:3253: $? = 0
configure:3242: gcc -V >&5
gcc: error: unrecognized command line option '-V'
gcc: fatal error: no input files
compilation terminated.
configure:3253: $? = 4
configure:3242: gcc -qversion >&5
gcc: error: unrecognized command line option '-qversion'
gcc: fatal error: no input files
compilation terminated.
configure:3253: $? = 4
configure:3273: checking whether the C compiler works
configure:3295: gcc    conftest.c  >&5
configure:3299: $? = 0
configure:3347: result: yes
configure:3350: checking for C compiler default output file name
configure:3352: result: a.out
configure:3358: checking for suffix of executables
configure:3365: gcc -o conftest    conftest.c  >&5
configure:3369: $? = 0
configure:3391: result: 
configure:3413: checking whether we are cross compiling
configure:3421: gcc -o conftest    conftest.c  >&5
configure:3425: $? = 0
configure:3432: ./conftest
configure:3436: $? = 0
configure:3451: result: no
configure:3456: checking for suffix of object files
configure:3478: gcc -c   conftest.c >&5
configure:3482: $? = 0
configure:3503: result: o
configure:3507: checking whether we are using the GNU C compiler
configure:3526: gcc -c   conftest.c >&5
configure:3526: $? = 0
configure:3535: result: yes
configure:3544: checking whether gcc accepts -g
configure:3564: gcc -c -g  conftest.c >&5
configure:3564: $? = 0
configure:3605: result: yes
configure:3622: checking for gcc option to accept ISO C89
configure:3685: gcc  -c -g -O2  conftest.c >&5
configure:3685: $? = 0
configure:3698: result: none needed
configure:3723: checking whether gcc understands -c and -o together
configure:3745: gcc -c conftest.c -o conftest2.o
configure:3748: $? = 0
configure:3745: gcc -c conftest.c -o conftest2.o
configure:3748: $? = 0
configure:3760: result: yes
configure:3788: checking for style of include used by make
configure:3816: result: GNU
configure:3842: checking dependency style of gcc
configure:3953: result: gcc3
configure:4012: checking for ranlib
configure:4028: found /bin/ranlib
configure:4039: result: ranlib
configure:4065: checking for bison
configure:4095: result: no
configure:4065: checking for byacc
configure:4095: result: no
configure:4109: checking for flex
configure:4139: result: no
configure:4109: checking for lex
configure:4139: result: no
configure:4264: checking whether ln -s works
configure:4268: result: yes
configure:4275: checking whether make sets $(MAKE)
configure:4297: result: yes
configure:4317: checking how to run the C preprocessor
configure:4348: gcc -E  conftest.c
configure:4348: $? = 0
configure:4362: gcc -E  conftest.c
conftest.c:13:28: fatal error: ac_nonexistent.h: No such file or directory
 #include <ac_nonexistent.h>
                            ^
compilation terminated.
configure:4362: $? = 1
configure: failed program was:
| /* confdefs.h */
| #define PACKAGE_NAME "openlava"
| #define PACKAGE_TARNAME "openlava"
| #define PACKAGE_VERSION "2.2"
| #define PACKAGE_STRING "openlava 2.2"
| #define PACKAGE_BUGREPORT ""
| #define PACKAGE_URL ""
| #define _OPENLAVA_PROJECT_ "openlava project 2.2"
| #define OPENLAVA_VERSION 22
| #define PACKAGE "openlava"
| #define VERSION "2.2"
| /* end confdefs.h.  */
| #include <ac_nonexistent.h>
configure:4387: result: gcc -E
configure:4407: gcc -E  conftest.c
configure:4407: $? = 0
configure:4421: gcc -E  conftest.c
conftest.c:13:28: fatal error: ac_nonexistent.h: No such file or directory
 #include <ac_nonexistent.h>
                            ^
compilation terminated.
configure:4421: $? = 1
configure: failed program was:
| /* confdefs.h */
| #define PACKAGE_NAME "openlava"
| #define PACKAGE_TARNAME "openlava"
| #define PACKAGE_VERSION "2.2"
| #define PACKAGE_STRING "openlava 2.2"
| #define PACKAGE_BUGREPORT ""
| #define PACKAGE_URL ""
| #define _OPENLAVA_PROJECT_ "openlava project 2.2"
| #define OPENLAVA_VERSION 22
| #define PACKAGE "openlava"
| #define VERSION "2.2"
| /* end confdefs.h.  */
| #include <ac_nonexistent.h>
configure:4450: checking for grep that handles long lines and -e
configure:4508: result: /bin/grep
configure:4513: checking for egrep
configure:4575: result: /bin/grep -E
configure:4580: checking for ANSI C header files
configure:4600: gcc -c -g -O2 -Wall -fPIC  conftest.c >&5
configure:4600: $? = 0
configure:4673: gcc -o conftest -g -O2 -Wall -fPIC   conftest.c  >&5
configure:4673: $? = 0
configure:4673: ./conftest
configure:4673: $? = 0
configure:4684: result: yes
configure:4697: checking for sys/types.h
configure:4697: gcc -c -g -O2 -Wall -fPIC  conftest.c >&5
configure:4697: $? = 0
configure:4697: result: yes
configure:4697: checking for sys/stat.h
configure:4697: gcc -c -g -O2 -Wall -fPIC  conftest.c >&5
configure:4697: $? = 0
configure:4697: result: yes
configure:4697: checking for stdlib.h
configure:4697: gcc -c -g -O2 -Wall -fPIC  conftest.c >&5
configure:4697: $? = 0
configure:4697: result: yes
configure:4697: checking for string.h
configure:4697: gcc -c -g -O2 -Wall -fPIC  conftest.c >&5
configure:4697: $? = 0
configure:4697: result: yes
configure:4697: checking for memory.h
configure:4697: gcc -c -g -O2 -Wall -fPIC  conftest.c >&5
configure:4697: $? = 0
configure:4697: result: yes
configure:4697: checking for strings.h
configure:4697: gcc -c -g -O2 -Wall -fPIC  conftest.c >&5
configure:4697: $? = 0
configure:4697: result: yes
configure:4697: checking for inttypes.h
configure:4697: gcc -c -g -O2 -Wall -fPIC  conftest.c >&5
configure:4697: $? = 0
configure:4697: result: yes
configure:4697: checking for stdint.h
configure:4697: gcc -c -g -O2 -Wall -fPIC  conftest.c >&5
configure:4697: $? = 0
configure:4697: result: yes
configure:4697: checking for unistd.h
configure:4697: gcc -c -g -O2 -Wall -fPIC  conftest.c >&5
configure:4697: $? = 0
configure:4697: result: yes
configure:4711: checking ncurses.h usability
configure:4711: gcc -c -g -O2 -Wall -fPIC  conftest.c >&5
configure:4711: $? = 0
configure:4711: result: yes
configure:4711: checking ncurses.h presence
configure:4711: gcc -E  conftest.c
configure:4711: $? = 0
configure:4711: result: yes
configure:4711: checking for ncurses.h
configure:4711: result: yes
configure:4729: checking tcl.h usability
configure:4729: gcc -c -g -O2 -Wall -fPIC  conftest.c >&5
configure:4729: $? = 0
configure:4729: result: yes
configure:4729: checking tcl.h presence
configure:4729: gcc -E  conftest.c
configure:4729: $? = 0
configure:4729: result: yes
configure:4729: checking for tcl.h
configure:4729: result: yes
configure:4954: checking for Tcl_CreateInterp in -ltcl
configure:4979: gcc -o conftest -g -O2 -Wall -fPIC   conftest.c -ltcl   >&5
configure:4979: $? = 0
configure:4988: result: yes
configure:5670: result: username for openlava admin ... openlava
configure:5672: result: name for openlava cluster ... openlava
configure:5804: checking that generated files are newer than configure
configure:5810: result: done
configure:5833: creating ./config.status

## ---------------------- ##
## Running config.status. ##
## ---------------------- ##

This file was extended by openlava config.status 2.2, which was
generated by GNU Autoconf 2.69.  Invocation command line was

  CONFIG_FILES    = 
  CONFIG_HEADERS  = 
  CONFIG_LINKS    = 
  CONFIG_COMMANDS = 
  $ ./config.status 

on cluster-master

config.status:921: creating Makefile
config.status:921: creating config/Makefile
config.status:921: creating lsf/Makefile
config.status:921: creating lsf/intlib/Makefile
config.status:921: creating lsf/lib/Makefile
config.status:921: creating lsf/lim/Makefile
config.status:921: creating lsf/res/Makefile
config.status:921: creating lsf/pim/Makefile
config.status:921: creating lsf/lstools/Makefile
config.status:921: creating lsf/lsadm/Makefile
config.status:921: creating lsf/man/Makefile
config.status:921: creating lsf/man/man1/Makefile
config.status:921: creating lsf/man/man5/Makefile
config.status:921: creating lsf/man/man8/Makefile
config.status:921: creating lsbatch/Makefile
config.status:921: creating lsbatch/lib/Makefile
config.status:921: creating lsbatch/cmd/Makefile
config.status:921: creating lsbatch/bhist/Makefile
config.status:921: creating lsbatch/daemons/Makefile
config.status:921: creating lsbatch/man1/Makefile
config.status:921: creating lsbatch/man5/Makefile
config.status:921: creating lsbatch/man8/Makefile
config.status:921: creating eauth/Makefile
config.status:921: creating scripts/Makefile
config.status:921: creating chkpnt/Makefile
config.status:921: creating config/lsf.conf
config.status:921: creating config/lsb.hosts
config.status:921: creating config/lsb.params
config.status:921: creating config/lsb.queues
config.status:921: creating config/lsb.users
config.status:921: creating config/lsf.cluster.openlava
config.status:921: creating config/lsf.shared
config.status:921: creating config/lsf.task
config.status:921: creating config/openlava.csh
config.status:921: creating config/openlava
config.status:921: creating config/openlava.setup
config.status:921: creating config/openlava.sh
config.status:921: creating examples/Makefile
config.status:921: creating config.h
config.status:1102: config.h is unchanged
config.status:1150: executing depfiles commands

## ---------------- ##
## Cache variables. ##
## ---------------- ##

ac_cv_build=x86_64-unknown-linux-gnu
ac_cv_c_compiler_gnu=yes
ac_cv_env_CC_set=
ac_cv_env_CC_value=
ac_cv_env_CFLAGS_set=
ac_cv_env_CFLAGS_value=
ac_cv_env_CPPFLAGS_set=
ac_cv_env_CPPFLAGS_value=
ac_cv_env_CPP_set=
ac_cv_env_CPP_value=
ac_cv_env_LDFLAGS_set=
ac_cv_env_LDFLAGS_value=
ac_cv_env_LIBS_set=
ac_cv_env_LIBS_value=
ac_cv_env_YACC_set=
ac_cv_env_YACC_value=
ac_cv_env_YFLAGS_set=
ac_cv_env_YFLAGS_value=
ac_cv_env_build_alias_set=
ac_cv_env_build_alias_value=
ac_cv_env_host_alias_set=
ac_cv_env_host_alias_value=
ac_cv_env_openlavaadmin_set=
ac_cv_env_openlavaadmin_value=
ac_cv_env_openlavacluster_set=
ac_cv_env_openlavacluster_value=
ac_cv_env_target_alias_set=
ac_cv_env_target_alias_value=
ac_cv_header_inttypes_h=yes
ac_cv_header_memory_h=yes
ac_cv_header_ncurses_h=yes
ac_cv_header_stdc=yes
ac_cv_header_stdint_h=yes
ac_cv_header_stdlib_h=yes
ac_cv_header_string_h=yes
ac_cv_header_strings_h=yes
ac_cv_header_sys_stat_h=yes
ac_cv_header_sys_types_h=yes
ac_cv_header_tcl_h=yes
ac_cv_header_unistd_h=yes
ac_cv_host=x86_64-unknown-linux-gnu
ac_cv_lib_tcl_Tcl_CreateInterp=yes
ac_cv_objext=o
ac_cv_path_EGREP='/bin/grep -E'
ac_cv_path_GREP=/bin/grep
ac_cv_path_install='/bin/install -c'
ac_cv_path_mkdir=/bin/mkdir
ac_cv_prog_AWK=gawk
ac_cv_prog_CPP='gcc -E'
ac_cv_prog_ac_ct_CC=gcc
ac_cv_prog_ac_ct_RANLIB=ranlib
ac_cv_prog_cc_c89=
ac_cv_prog_cc_g=yes
ac_cv_prog_make_make_set=yes
ac_cv_target=x86_64-unknown-linux-gnu
am_cv_CC_dependencies_compiler_type=gcc3
am_cv_make_support_nested_variables=yes
am_cv_prog_cc_c_o=yes
cf_cv_ncurses_header=ncurses.h

## ----------------- ##
## Output variables. ##
## ----------------- ##

ACLOCAL='aclocal-1.15'
AMDEPBACKSLASH='\'
AMDEP_FALSE='#'
AMDEP_TRUE=''
AMTAR='$${TAR-tar}'
AM_BACKSLASH='\'
AM_DEFAULT_V='$(AM_DEFAULT_VERBOSITY)'
AM_DEFAULT_VERBOSITY='0'
AM_V='$(V)'
AUTOCONF='autoconf'
AUTOHEADER='autoheader'
AUTOMAKE='automake-1.15'
AWK='gawk'
CC='gcc'
CCDEPMODE='depmode=gcc3'
CFLAGS='-g -O2 -Wall -fPIC'
CPP='gcc -E'
CPPFLAGS=''
CYGPATH_W='echo'
CYGWIN_FALSE=''
CYGWIN_TRUE='#'
DEFS='-DHAVE_CONFIG_H'
DEPDIR='.deps'
ECHO_C=''
ECHO_N='-n'
ECHO_T=''
EGREP='/bin/grep -E'
EXEEXT=''
GREP='/bin/grep'
INSTALL_DATA='${INSTALL} -m 644'
INSTALL_PROGRAM='${INSTALL}'
INSTALL_SCRIPT='${INSTALL}'
INSTALL_STRIP_PROGRAM='$(install_sh) -c -s'
LDFLAGS=''
LEX=':'
LEXLIB=''
LEX_OUTPUT_ROOT=''
LIBOBJS=''
LIBS='-ltcl '
LN_S='ln -s'
LTLIBOBJS=''
MAKEINFO='makeinfo'
MKDIR_P='/bin/mkdir -p'
OBJEXT='o'
PACKAGE='openlava'
PACKAGE_BUGREPORT=''
PACKAGE_NAME='openlava'
PACKAGE_STRING='openlava 2.2'
PACKAGE_TARNAME='openlava'
PACKAGE_URL=''
PACKAGE_VERSION='2.2'
PATH_SEPARATOR=':'
RANLIB='ranlib'
SET_MAKE=''
SHELL='/bin/sh'
SOLARIS_FALSE=''
SOLARIS_TRUE='#'
STRIP=''
VERSION='2.2'
YACC='yacc'
YFLAGS=''
ac_ct_CC='gcc'
am__EXEEXT_FALSE=''
am__EXEEXT_TRUE='#'
am__fastdepCC_FALSE='#'
am__fastdepCC_TRUE=''
am__include='include'
am__isrc=''
am__leading_dot='.'
am__nodep='_no'
am__quote=''
am__tar='$${TAR-tar} chof - "$$tardir"'
am__untar='$${TAR-tar} xf -'
bindir='${exec_prefix}/bin'
build='x86_64-unknown-linux-gnu'
build_alias=''
build_cpu='x86_64'
build_os='linux-gnu'
build_vendor='unknown'
datadir='${datarootdir}'
datarootdir='${prefix}/share'
docdir='${datarootdir}/doc/${PACKAGE_TARNAME}'
dvidir='${docdir}'
exec_prefix='${prefix}'
host='x86_64-unknown-linux-gnu'
host_alias=''
host_cpu='x86_64'
host_os='linux-gnu'
host_vendor='unknown'
htmldir='${docdir}'
includedir='${prefix}/include'
infodir='${datarootdir}/info'
install_sh='${SHELL} /home/lubo/openlava-2.2/install-sh'
libdir='${exec_prefix}/lib'
libexecdir='${exec_prefix}/libexec'
localedir='${datarootdir}/locale'
localstatedir='${prefix}/var'
mandir='${datarootdir}/man'
mkdir_p='$(MKDIR_P)'
oldincludedir='/usr/include'
openlavaadmin='openlava'
openlavacluster='openlava'
pdfdir='${docdir}'
prefix='/opt/openlava-2.2'
program_transform_name='s,x,x,'
psdir='${docdir}'
sbindir='${exec_prefix}/sbin'
sharedstatedir='${prefix}/com'
sysconfdir='${prefix}/etc'
target='x86_64-unknown-linux-gnu'
target_alias=''
target_cpu='x86_64'
target_os='linux-gnu'
target_vendor='unknown'

## ----------- ##
## confdefs.h. ##
## ----------- ##

/* confdefs.h */
#define PACKAGE_NAME "openlava"
#define PACKAGE_TARNAME "openlava"
#define PACKAGE_VERSION "2.2"
#define PACKAGE_STRING "openlava 2.2"
#define PACKAGE_BUGREPORT ""
#define PACKAGE_URL ""
#define _OPENLAVA_PROJECT_ "openlava project 2.2"
#define OPENLAVA_VERSION 22
#define PACKAGE "openlava"
#define VERSION "2.2"
#define STDC_HEADERS 1
#define HAVE_SYS_TYPES_H 1
#define HAVE_SYS_STAT_H 1
#define HAVE_STDLIB_H 1
#define HAVE_STRING_H 1
#define HAVE_MEMORY_H 1
#define HAVE_STRINGS_H 1
#define HAVE_INTTYPES_H 1
#define HAVE_STDINT_H 1
#define HAVE_UNISTD_H 1
#define HAVE_NCURSES_H 1
#define HAVE_TCL_H 1
#define HAVE_LIBTCL 1

configure: exit 0
